2024-06-16 21:31:27,835 [http-nio-8080-exec-1] INFO  c.l.c.l.AccessLogInterceptor - From Interceptor Request IN URL: /in/test - Method: GET -IP:0:0:0:0:0:0:0:1
2024-06-16 21:31:27,874 [http-nio-8080-exec-1] INFO  c.l.c.logconfig.LogAspectConfig -  From AOP Request In URL: http://localhost:8080/in/test - Method: GET -IP:0:0:0:0:0:0:0:1
2024-06-16 21:31:33,192 [http-nio-8080-exec-1] INFO  c.l.c.logconfig.LogAspectConfig -  From AOP Request Out URL: http://localhost:8080/in/test - Method: GET -IP:0:0:0:0:0:0:0:1
2024-06-16 21:31:46,726 [http-nio-8080-exec-1] INFO  c.l.c.l.AccessLogInterceptor - From Interceptor Request IN URL: /in/in/test - Method: GET -IP:0:0:0:0:0:0:0:1
2024-06-16 21:31:47,337 [http-nio-8080-exec-1] INFO  c.l.c.l.AccessLogInterceptor - From Interceptor Request OUT URL: /in/in/test - Method: GET -IP:0:0:0:0:0:0:0:1
2024-06-16 21:31:48,299 [http-nio-8080-exec-1] INFO  c.l.c.l.AccessLogInterceptor - From Interceptor Request OUT URL: /in/test - Method: GET -IP:0:0:0:0:0:0:0:1
2024-06-16 21:31:48,981 [http-nio-8080-exec-1] INFO  c.l.c.l.AccessLogInterceptor - From Interceptor Request IN URL: /error - Method: GET -IP:0:0:0:0:0:0:0:1
2024-06-16 21:31:49,737 [http-nio-8080-exec-1] INFO  c.l.c.l.AccessLogInterceptor - From Interceptor Request OUT URL: /error - Method: GET -IP:0:0:0:0:0:0:0:1
2024-06-16 21:32:29,468 [http-nio-8080-exec-1] INFO  c.l.c.l.AccessLogInterceptor - From Interceptor Request IN URL: /in/test - Method: GET -IP:0:0:0:0:0:0:0:1
2024-06-16 21:32:29,510 [http-nio-8080-exec-1] INFO  c.l.c.logconfig.LogAspectConfig -  From AOP Request In URL: http://localhost:8080/in/test - Method: GET -IP:0:0:0:0:0:0:0:1
2024-06-16 21:32:32,175 [http-nio-8080-exec-1] INFO  c.l.c.logconfig.LogAspectConfig -  From AOP Request Out URL: http://localhost:8080/in/test - Method: GET -IP:0:0:0:0:0:0:0:1
2024-06-16 21:32:33,682 [http-nio-8080-exec-1] INFO  c.l.c.l.AccessLogInterceptor - From Interceptor Request OUT URL: /in/test - Method: GET -IP:0:0:0:0:0:0:0:1
2024-06-16 21:34:02,049 [http-nio-8080-exec-5] INFO  c.l.c.l.AccessLogInterceptor - From Interceptor Request IN URL: /in/test - Method: GET -IP:0:0:0:0:0:0:0:1
2024-06-16 21:34:02,049 [http-nio-8080-exec-5] INFO  c.l.c.logconfig.LogAspectConfig -  From AOP Request In URL: http://localhost:8080/in/test - Method: GET -IP:0:0:0:0:0:0:0:1
2024-06-16 21:34:03,692 [http-nio-8080-exec-5] INFO  c.l.c.logconfig.LogAspectConfig -  From AOP Request Out URL: http://localhost:8080/in/test - Method: GET -IP:0:0:0:0:0:0:0:1
2024-06-16 21:34:04,996 [http-nio-8080-exec-5] INFO  c.l.c.l.AccessLogInterceptor - From Interceptor Request OUT URL: /in/test - Method: GET -IP:0:0:0:0:0:0:0:1
2024-06-16 21:36:19,684 [http-nio-8080-exec-2] INFO  c.l.c.l.AccessLogInterceptor - From Interceptor Request IN URL: /in/test - Method: GET -IP:0:0:0:0:0:0:0:1
2024-06-16 21:36:19,734 [http-nio-8080-exec-2] INFO  c.l.c.logconfig.LogAspectConfig -  From AOP Request In URL: http://localhost:8080/in/test - Method: GET -IP:0:0:0:0:0:0:0:1
2024-06-16 21:36:22,050 [http-nio-8080-exec-2] INFO  c.l.c.logconfig.LogAspectConfig -  From AOP Request Out URL: http://localhost:8080/in/test - Method: GET -IP:0:0:0:0:0:0:0:1
2024-06-16 21:36:24,047 [http-nio-8080-exec-2] INFO  c.l.c.l.AccessLogInterceptor - From Interceptor Request OUT URL: /in/test - Method: GET -IP:0:0:0:0:0:0:0:1
2024-06-16 21:39:36,911 [http-nio-8080-exec-2] INFO  c.l.c.l.AccessLogInterceptor - From Interceptor Request IN URL: /in/test - Method: GET -IP:0:0:0:0:0:0:0:1
2024-06-16 21:39:36,962 [http-nio-8080-exec-2] INFO  c.l.c.logconfig.LogAspectConfig -  From AOP Request In URL: http://localhost:8080/in/test - Method: GET -IP:0:0:0:0:0:0:0:1
2024-06-16 21:39:41,010 [http-nio-8080-exec-2] INFO  c.l.c.logconfig.LogAspectConfig -  From AOP Request Out URL: http://localhost:8080/in/test - Method: GET -IP:0:0:0:0:0:0:0:1
2024-06-16 21:39:42,174 [http-nio-8080-exec-2] INFO  c.l.c.l.AccessLogInterceptor - From Interceptor Request OUT URL: /in/test - Method: GET -IP:0:0:0:0:0:0:0:1
2024-06-16 21:40:59,730 [http-nio-8080-exec-1] INFO  c.l.c.l.AccessLogInterceptor - From Interceptor Request IN URL: /in/test - Method: GET -IP:0:0:0:0:0:0:0:1
2024-06-16 21:40:59,773 [http-nio-8080-exec-1] INFO  c.l.c.logconfig.LogAspectConfig -  From AOP Request In URL: http://localhost:8080/in/test - Method: GET -IP:0:0:0:0:0:0:0:1
2024-06-16 21:41:03,111 [http-nio-8080-exec-1] INFO  c.l.c.logconfig.LogAspectConfig -  From AOP Request Out URL: http://localhost:8080/in/test - Method: GET -IP:0:0:0:0:0:0:0:1
2024-06-16 21:41:04,419 [http-nio-8080-exec-1] INFO  c.l.c.l.AccessLogInterceptor - From Interceptor Request OUT URL: /in/test - Method: GET -IP:0:0:0:0:0:0:0:1
2024-06-16 21:41:43,570 [http-nio-8080-exec-3] INFO  c.l.c.l.AccessLogInterceptor - From Interceptor Request IN URL: /in/test - Method: GET -IP:0:0:0:0:0:0:0:1
2024-06-16 21:41:43,571 [http-nio-8080-exec-3] INFO  c.l.c.logconfig.LogAspectConfig -  From AOP Request In URL: http://localhost:8080/in/test - Method: GET -IP:0:0:0:0:0:0:0:1
2024-06-16 21:41:45,472 [http-nio-8080-exec-3] INFO  c.l.c.logconfig.LogAspectConfig -  From AOP Request Out URL: http://localhost:8080/in/test - Method: GET -IP:0:0:0:0:0:0:0:1
2024-06-16 21:41:45,483 [http-nio-8080-exec-3] INFO  c.l.c.l.AccessLogInterceptor - From Interceptor Request OUT URL: /in/test - Method: GET -IP:0:0:0:0:0:0:0:1
2024-06-16 21:51:40,983 [http-nio-8080-exec-1] INFO  c.l.c.l.AccessLogInterceptor - From Interceptor Request IN URL: /in/test - Method: GET -IP:0:0:0:0:0:0:0:1
2024-06-16 21:51:41,018 [http-nio-8080-exec-1] INFO  c.l.c.logconfig.LogAspectConfig -  From AOP Request In URL: http://localhost:8080/in/test - Method: GET -IP:0:0:0:0:0:0:0:1
2024-06-16 21:51:46,857 [http-nio-8080-exec-1] INFO  c.l.c.logconfig.LogAspectConfig -  From AOP Request Out URL: http://localhost:8080/in/test - Method: GET -IP:0:0:0:0:0:0:0:1
2024-06-16 21:51:50,795 [http-nio-8080-exec-1] INFO  c.l.c.l.AccessLogInterceptor - From Interceptor Request OUT URL: /in/test - Method: GET -IP:0:0:0:0:0:0:0:1
2024-06-18 23:38:12,925 [http-nio-8080-exec-1] INFO  c.l.c.l.AccessLogInterceptor - From Interceptor Request IN URL: /tx/test - Method: POST -IP:0:0:0:0:0:0:0:1
2024-06-18 23:38:13,126 [http-nio-8080-exec-1] INFO  c.l.c.logconfig.LogAspectConfig -  From AOP Request In URL: http://localhost:8080/tx/test - Method: POST -IP:0:0:0:0:0:0:0:1
2024-06-18 23:38:13,139 [http-nio-8080-exec-1] INFO  c.l.c.logconfig.LogAspectConfig -  From AOP Request Out URL: http://localhost:8080/tx/test - Method: POST -IP:0:0:0:0:0:0:0:1
2024-06-18 23:38:13,197 [http-nio-8080-exec-1] INFO  c.l.c.l.AccessLogInterceptor - From Interceptor Request OUT URL: /tx/test - Method: POST -IP:0:0:0:0:0:0:0:1
2024-06-18 23:40:03,435 [http-nio-8080-exec-1] INFO  c.l.c.l.AccessLogInterceptor - From Interceptor Request IN URL: /tx/test - Method: POST -IP:0:0:0:0:0:0:0:1
2024-06-18 23:40:03,717 [http-nio-8080-exec-1] INFO  c.l.c.logconfig.LogAspectConfig -  From AOP Request In URL: http://localhost:8080/tx/test - Method: POST -IP:0:0:0:0:0:0:0:1
2024-06-18 23:40:17,428 [http-nio-8080-exec-1] INFO  c.l.c.logconfig.LogAspectConfig -  From AOP Request Out URL: http://localhost:8080/tx/test - Method: POST -IP:0:0:0:0:0:0:0:1
2024-06-18 23:40:17,516 [http-nio-8080-exec-1] INFO  c.l.c.l.AccessLogInterceptor - From Interceptor Request OUT URL: /tx/test - Method: POST -IP:0:0:0:0:0:0:0:1
2024-06-18 23:41:01,153 [http-nio-8080-exec-3] INFO  c.l.c.l.AccessLogInterceptor - From Interceptor Request IN URL: /tx/test - Method: POST -IP:0:0:0:0:0:0:0:1
2024-06-18 23:41:01,157 [http-nio-8080-exec-3] INFO  c.l.c.logconfig.LogAspectConfig -  From AOP Request In URL: http://localhost:8080/tx/test - Method: POST -IP:0:0:0:0:0:0:0:1
2024-06-18 23:43:45,227 [http-nio-8080-exec-3] INFO  c.l.c.logconfig.LogAspectConfig -  From AOP Request Out URL: http://localhost:8080/tx/test - Method: POST -IP:0:0:0:0:0:0:0:1
2024-06-18 23:43:45,236 [http-nio-8080-exec-3] INFO  c.l.c.l.AccessLogInterceptor - From Interceptor Request OUT URL: /tx/test - Method: POST -IP:0:0:0:0:0:0:0:1
2024-06-18 23:45:27,371 [http-nio-8080-exec-2] INFO  c.l.c.l.AccessLogInterceptor - From Interceptor Request IN URL: /tx/test - Method: POST -IP:0:0:0:0:0:0:0:1
2024-06-18 23:45:27,614 [http-nio-8080-exec-2] INFO  c.l.c.logconfig.LogAspectConfig -  From AOP Request In URL: http://localhost:8080/tx/test - Method: POST -IP:0:0:0:0:0:0:0:1
2024-06-18 23:45:28,784 [http-nio-8080-exec-2] INFO  c.l.c.logconfig.LogAspectConfig -  From AOP Request Out URL: http://localhost:8080/tx/test - Method: POST -IP:0:0:0:0:0:0:0:1
2024-06-18 23:45:28,880 [http-nio-8080-exec-2] INFO  c.l.c.l.AccessLogInterceptor - From Interceptor Request OUT URL: /tx/test - Method: POST -IP:0:0:0:0:0:0:0:1
2024-06-18 23:47:50,793 [http-nio-8080-exec-1] INFO  c.l.c.l.AccessLogInterceptor - From Interceptor Request IN URL: /tx/test - Method: POST -IP:0:0:0:0:0:0:0:1
2024-06-18 23:47:50,926 [http-nio-8080-exec-1] INFO  c.l.c.logconfig.LogAspectConfig -  From AOP Request In URL: http://localhost:8080/tx/test - Method: POST -IP:0:0:0:0:0:0:0:1
2024-06-18 23:47:52,678 [http-nio-8080-exec-1] INFO  c.l.c.logconfig.LogAspectConfig -  From AOP Request Out URL: http://localhost:8080/tx/test - Method: POST -IP:0:0:0:0:0:0:0:1
2024-06-18 23:47:52,721 [http-nio-8080-exec-1] INFO  c.l.c.l.AccessLogInterceptor - From Interceptor Request OUT URL: /tx/test - Method: POST -IP:0:0:0:0:0:0:0:1
2024-06-18 23:51:33,099 [http-nio-8080-exec-2] INFO  c.l.c.l.AccessLogInterceptor - From Interceptor Request IN URL: /tx/test - Method: POST -IP:0:0:0:0:0:0:0:1
2024-06-18 23:51:33,328 [http-nio-8080-exec-2] INFO  c.l.c.logconfig.LogAspectConfig -  From AOP Request In URL: http://localhost:8080/tx/test - Method: POST -IP:0:0:0:0:0:0:0:1
2024-06-18 23:51:35,511 [http-nio-8080-exec-2] INFO  c.l.c.logconfig.LogAspectConfig -  From AOP Request Out URL: http://localhost:8080/tx/test - Method: POST -IP:0:0:0:0:0:0:0:1
2024-06-18 23:51:35,569 [http-nio-8080-exec-2] INFO  c.l.c.l.AccessLogInterceptor - From Interceptor Request OUT URL: /tx/test - Method: POST -IP:0:0:0:0:0:0:0:1
2024-06-18 23:52:55,669 [http-nio-8080-exec-2] INFO  c.l.c.l.AccessLogInterceptor - From Interceptor Request IN URL: /tx/test - Method: POST -IP:0:0:0:0:0:0:0:1
2024-06-18 23:52:55,897 [http-nio-8080-exec-2] INFO  c.l.c.logconfig.LogAspectConfig -  From AOP Request In URL: http://localhost:8080/tx/test - Method: POST -IP:0:0:0:0:0:0:0:1
2024-06-18 23:52:58,747 [http-nio-8080-exec-2] INFO  c.l.c.logconfig.LogAspectConfig -  From AOP Request Out URL: http://localhost:8080/tx/test - Method: POST -IP:0:0:0:0:0:0:0:1
2024-06-18 23:52:58,803 [http-nio-8080-exec-2] INFO  c.l.c.l.AccessLogInterceptor - From Interceptor Request OUT URL: /tx/test - Method: POST -IP:0:0:0:0:0:0:0:1
2024-06-18 23:53:33,908 [http-nio-8080-exec-2] INFO  c.l.c.l.AccessLogInterceptor - From Interceptor Request IN URL: /tx/test - Method: POST -IP:0:0:0:0:0:0:0:1
2024-06-18 23:53:34,119 [http-nio-8080-exec-2] INFO  c.l.c.logconfig.LogAspectConfig -  From AOP Request In URL: http://localhost:8080/tx/test - Method: POST -IP:0:0:0:0:0:0:0:1
2024-06-18 23:53:43,070 [http-nio-8080-exec-2] INFO  c.l.c.logconfig.LogAspectConfig -  From AOP Request Out URL: http://localhost:8080/tx/test - Method: POST -IP:0:0:0:0:0:0:0:1
2024-06-18 23:53:43,115 [http-nio-8080-exec-2] INFO  c.l.c.l.AccessLogInterceptor - From Interceptor Request OUT URL: /tx/test - Method: POST -IP:0:0:0:0:0:0:0:1
2024-06-18 23:56:01,968 [http-nio-8080-exec-2] INFO  c.l.c.l.AccessLogInterceptor - From Interceptor Request IN URL: /tx/test - Method: POST -IP:0:0:0:0:0:0:0:1
2024-06-18 23:56:02,067 [http-nio-8080-exec-2] INFO  c.l.c.logconfig.LogAspectConfig -  From AOP Request In URL: http://localhost:8080/tx/test - Method: POST -IP:0:0:0:0:0:0:0:1
2024-06-18 23:56:10,766 [http-nio-8080-exec-2] INFO  c.l.c.logconfig.LogAspectConfig -  From AOP Request Out URL: http://localhost:8080/tx/test - Method: POST -IP:0:0:0:0:0:0:0:1
2024-06-18 23:56:10,825 [http-nio-8080-exec-2] INFO  c.l.c.l.AccessLogInterceptor - From Interceptor Request OUT URL: /tx/test - Method: POST -IP:0:0:0:0:0:0:0:1
2024-06-18 23:57:26,568 [http-nio-8080-exec-2] INFO  c.l.c.l.AccessLogInterceptor - From Interceptor Request IN URL: /tx/test - Method: POST -IP:0:0:0:0:0:0:0:1
2024-06-18 23:57:26,679 [http-nio-8080-exec-2] INFO  c.l.c.logconfig.LogAspectConfig -  From AOP Request In URL: http://localhost:8080/tx/test - Method: POST -IP:0:0:0:0:0:0:0:1
2024-06-18 23:57:33,376 [http-nio-8080-exec-2] INFO  c.l.c.logconfig.LogAspectConfig -  From AOP Request Out URL: http://localhost:8080/tx/test - Method: POST -IP:0:0:0:0:0:0:0:1
2024-06-18 23:57:33,435 [http-nio-8080-exec-2] INFO  c.l.c.l.AccessLogInterceptor - From Interceptor Request OUT URL: /tx/test - Method: POST -IP:0:0:0:0:0:0:0:1
2024-06-19 00:03:26,748 [http-nio-8080-exec-2] INFO  c.l.c.l.AccessLogInterceptor - From Interceptor Request IN URL: /tx/test - Method: POST -IP:0:0:0:0:0:0:0:1
2024-06-19 00:03:26,914 [http-nio-8080-exec-2] INFO  c.l.c.logconfig.LogAspectConfig -  From AOP Request In URL: http://localhost:8080/tx/test - Method: POST -IP:0:0:0:0:0:0:0:1
2024-06-19 00:03:31,342 [http-nio-8080-exec-2] INFO  c.l.c.logconfig.LogAspectConfig -  From AOP Request Out URL: http://localhost:8080/tx/test - Method: POST -IP:0:0:0:0:0:0:0:1
2024-06-19 00:03:31,385 [http-nio-8080-exec-2] INFO  c.l.c.l.AccessLogInterceptor - From Interceptor Request OUT URL: /tx/test - Method: POST -IP:0:0:0:0:0:0:0:1
2024-06-19 00:04:45,320 [http-nio-8080-exec-2] INFO  c.l.c.l.AccessLogInterceptor - From Interceptor Request IN URL: /tx/test - Method: POST -IP:0:0:0:0:0:0:0:1
2024-06-19 00:04:45,520 [http-nio-8080-exec-2] INFO  c.l.c.logconfig.LogAspectConfig -  From AOP Request In URL: http://localhost:8080/tx/test - Method: POST -IP:0:0:0:0:0:0:0:1
2024-06-19 00:05:16,775 [http-nio-8080-exec-2] INFO  c.l.c.logconfig.LogAspectConfig -  From AOP Request Out URL: http://localhost:8080/tx/test - Method: POST -IP:0:0:0:0:0:0:0:1
2024-06-19 00:05:16,813 [http-nio-8080-exec-2] INFO  c.l.c.l.AccessLogInterceptor - From Interceptor Request OUT URL: /tx/test - Method: POST -IP:0:0:0:0:0:0:0:1
2024-06-19 00:06:16,178 [http-nio-8080-exec-2] INFO  c.l.c.l.AccessLogInterceptor - From Interceptor Request IN URL: /tx/test - Method: POST -IP:0:0:0:0:0:0:0:1
2024-06-19 00:06:16,304 [http-nio-8080-exec-2] INFO  c.l.c.logconfig.LogAspectConfig -  From AOP Request In URL: http://localhost:8080/tx/test - Method: POST -IP:0:0:0:0:0:0:0:1
2024-06-19 00:06:24,154 [http-nio-8080-exec-2] INFO  c.l.c.logconfig.LogAspectConfig -  From AOP Request Out URL: http://localhost:8080/tx/test - Method: POST -IP:0:0:0:0:0:0:0:1
2024-06-19 00:06:24,204 [http-nio-8080-exec-2] INFO  c.l.c.l.AccessLogInterceptor - From Interceptor Request OUT URL: /tx/test - Method: POST -IP:0:0:0:0:0:0:0:1
2024-06-19 00:07:33,113 [http-nio-8080-exec-5] INFO  c.l.c.l.AccessLogInterceptor - From Interceptor Request IN URL: /tx/test - Method: POST -IP:0:0:0:0:0:0:0:1
2024-06-19 00:07:33,118 [http-nio-8080-exec-5] INFO  c.l.c.logconfig.LogAspectConfig -  From AOP Request In URL: http://localhost:8080/tx/test - Method: POST -IP:0:0:0:0:0:0:0:1
2024-06-19 00:07:34,880 [http-nio-8080-exec-5] INFO  c.l.c.logconfig.LogAspectConfig -  From AOP Request Out URL: http://localhost:8080/tx/test - Method: POST -IP:0:0:0:0:0:0:0:1
2024-06-19 00:07:42,280 [http-nio-8080-exec-5] INFO  c.l.c.l.AccessLogInterceptor - From Interceptor Request OUT URL: /tx/test - Method: POST -IP:0:0:0:0:0:0:0:1
2024-06-19 00:17:32,909 [http-nio-8080-exec-8] INFO  c.l.c.l.AccessLogInterceptor - From Interceptor Request IN URL: /tx/test - Method: POST -IP:0:0:0:0:0:0:0:1
2024-06-19 00:17:32,910 [http-nio-8080-exec-8] INFO  c.l.c.logconfig.LogAspectConfig -  From AOP Request In URL: http://localhost:8080/tx/test - Method: POST -IP:0:0:0:0:0:0:0:1
2024-06-19 00:17:36,310 [http-nio-8080-exec-8] INFO  c.l.c.logconfig.LogAspectConfig -  From AOP Request Out URL: http://localhost:8080/tx/test - Method: POST -IP:0:0:0:0:0:0:0:1
2024-06-19 00:17:36,321 [http-nio-8080-exec-8] INFO  c.l.c.l.AccessLogInterceptor - From Interceptor Request OUT URL: /tx/test - Method: POST -IP:0:0:0:0:0:0:0:1
2024-06-19 22:39:33,393 [http-nio-8080-exec-2] INFO  c.l.c.l.AccessLogInterceptor - From Interceptor Request IN URL: /in/test - Method: GET -IP:0:0:0:0:0:0:0:1
2024-06-19 22:39:33,427 [http-nio-8080-exec-2] INFO  c.l.c.logconfig.LogAspectConfig -  From AOP Request In URL: http://localhost:8080/in/test - Method: GET -IP:0:0:0:0:0:0:0:1
2024-06-19 22:39:33,445 [http-nio-8080-exec-2] INFO  c.l.c.logconfig.LogAspectConfig -  From AOP Request Out URL: http://localhost:8080/in/test - Method: GET -IP:0:0:0:0:0:0:0:1
2024-06-19 22:39:38,306 [http-nio-8080-exec-2] INFO  c.l.c.l.AccessLogInterceptor - From Interceptor Request OUT URL: /in/test - Method: GET -IP:0:0:0:0:0:0:0:1
2024-06-19 22:40:25,461 [http-nio-8080-exec-2] INFO  c.l.c.l.AccessLogInterceptor - From Interceptor Request IN URL: /in/test - Method: GET -IP:0:0:0:0:0:0:0:1
2024-06-19 22:40:25,486 [http-nio-8080-exec-2] INFO  c.l.c.logconfig.LogAspectConfig -  From AOP Request In URL: http://localhost:8080/in/test - Method: GET -IP:0:0:0:0:0:0:0:1
2024-06-19 22:40:25,502 [http-nio-8080-exec-2] INFO  c.l.c.logconfig.LogAspectConfig -  From AOP Request Out URL: http://localhost:8080/in/test - Method: GET -IP:0:0:0:0:0:0:0:1
2024-06-19 22:40:25,510 [http-nio-8080-exec-2] INFO  c.l.c.l.AccessLogInterceptor - From Interceptor Request OUT URL: /in/test - Method: GET -IP:0:0:0:0:0:0:0:1
2024-06-19 22:40:25,542 [http-nio-8080-exec-2] INFO  c.l.c.l.AccessLogInterceptor - From Interceptor Request IN URL: /error - Method: GET -IP:0:0:0:0:0:0:0:1
2024-06-19 22:40:25,716 [http-nio-8080-exec-2] INFO  c.l.c.l.AccessLogInterceptor - From Interceptor Request OUT URL: /error - Method: GET -IP:0:0:0:0:0:0:0:1
2024-06-19 22:43:10,411 [http-nio-8080-exec-2] INFO  c.l.c.l.AccessLogInterceptor - From Interceptor Request IN URL: /in/test - Method: GET -IP:0:0:0:0:0:0:0:1
2024-06-19 22:43:10,445 [http-nio-8080-exec-2] INFO  c.l.c.logconfig.LogAspectConfig -  From AOP Request In URL: http://localhost:8080/in/test - Method: GET -IP:0:0:0:0:0:0:0:1
2024-06-19 22:43:10,459 [http-nio-8080-exec-2] INFO  c.l.c.logconfig.LogAspectConfig -  From AOP Request Out URL: http://localhost:8080/in/test - Method: GET -IP:0:0:0:0:0:0:0:1
2024-06-19 22:43:10,468 [http-nio-8080-exec-2] INFO  c.l.c.l.AccessLogInterceptor - From Interceptor Request OUT URL: /in/test - Method: GET -IP:0:0:0:0:0:0:0:1
2024-06-19 22:43:10,493 [http-nio-8080-exec-2] INFO  c.l.c.l.AccessLogInterceptor - From Interceptor Request IN URL: /error - Method: GET -IP:0:0:0:0:0:0:0:1
2024-06-19 22:43:10,676 [http-nio-8080-exec-2] INFO  c.l.c.l.AccessLogInterceptor - From Interceptor Request OUT URL: /error - Method: GET -IP:0:0:0:0:0:0:0:1
2024-06-19 22:55:50,582 [http-nio-8080-exec-2] INFO  c.l.c.l.AccessLogInterceptor - From Interceptor Request IN URL: /in/test - Method: GET -IP:0:0:0:0:0:0:0:1
2024-06-19 22:55:50,610 [http-nio-8080-exec-2] INFO  c.l.c.logconfig.LogAspectConfig -  From AOP Request In URL: http://localhost:8080/in/test - Method: GET -IP:0:0:0:0:0:0:0:1
2024-06-19 22:55:50,620 [http-nio-8080-exec-2] INFO  c.l.c.logconfig.LogAspectConfig -  From AOP Request Out URL: http://localhost:8080/in/test - Method: GET -IP:0:0:0:0:0:0:0:1
2024-06-19 22:55:50,629 [http-nio-8080-exec-2] INFO  c.l.c.l.AccessLogInterceptor - From Interceptor Request OUT URL: /in/test - Method: GET -IP:0:0:0:0:0:0:0:1
2024-06-19 22:55:50,663 [http-nio-8080-exec-2] INFO  c.l.c.l.AccessLogInterceptor - From Interceptor Request IN URL: /error - Method: GET -IP:0:0:0:0:0:0:0:1
2024-06-19 22:55:50,817 [http-nio-8080-exec-2] INFO  c.l.c.l.AccessLogInterceptor - From Interceptor Request OUT URL: /error - Method: GET -IP:0:0:0:0:0:0:0:1
2024-06-19 22:57:17,160 [http-nio-8080-exec-1] INFO  c.l.c.l.AccessLogInterceptor - From Interceptor Request IN URL: /in/test - Method: GET -IP:0:0:0:0:0:0:0:1
2024-06-19 22:57:17,196 [http-nio-8080-exec-1] INFO  c.l.c.logconfig.LogAspectConfig -  From AOP Request In URL: http://localhost:8080/in/test - Method: GET -IP:0:0:0:0:0:0:0:1
2024-06-19 22:57:17,209 [http-nio-8080-exec-1] INFO  c.l.c.logconfig.LogAspectConfig -  From AOP Request Out URL: http://localhost:8080/in/test - Method: GET -IP:0:0:0:0:0:0:0:1
2024-06-19 22:57:17,225 [http-nio-8080-exec-1] INFO  c.l.c.l.AccessLogInterceptor - From Interceptor Request OUT URL: /in/test - Method: GET -IP:0:0:0:0:0:0:0:1
2024-06-19 22:57:17,259 [http-nio-8080-exec-1] INFO  c.l.c.l.AccessLogInterceptor - From Interceptor Request IN URL: /error - Method: GET -IP:0:0:0:0:0:0:0:1
2024-06-19 22:57:17,490 [http-nio-8080-exec-1] INFO  c.l.c.l.AccessLogInterceptor - From Interceptor Request OUT URL: /error - Method: GET -IP:0:0:0:0:0:0:0:1
2024-06-19 22:58:29,294 [http-nio-8080-exec-2] INFO  c.l.c.l.AccessLogInterceptor - From Interceptor Request IN URL: /in/test - Method: GET -IP:0:0:0:0:0:0:0:1
2024-06-19 22:58:29,328 [http-nio-8080-exec-2] INFO  c.l.c.logconfig.LogAspectConfig -  From AOP Request In URL: http://localhost:8080/in/test - Method: GET -IP:0:0:0:0:0:0:0:1
2024-06-19 22:58:29,342 [http-nio-8080-exec-2] INFO  c.l.c.logconfig.LogAspectConfig -  From AOP Request Out URL: http://localhost:8080/in/test - Method: GET -IP:0:0:0:0:0:0:0:1
2024-06-19 22:58:29,350 [http-nio-8080-exec-2] INFO  c.l.c.l.AccessLogInterceptor - From Interceptor Request OUT URL: /in/test - Method: GET -IP:0:0:0:0:0:0:0:1
2024-06-19 22:58:29,383 [http-nio-8080-exec-2] INFO  c.l.c.l.AccessLogInterceptor - From Interceptor Request IN URL: /error - Method: GET -IP:0:0:0:0:0:0:0:1
2024-06-19 22:58:29,627 [http-nio-8080-exec-2] INFO  c.l.c.l.AccessLogInterceptor - From Interceptor Request OUT URL: /error - Method: GET -IP:0:0:0:0:0:0:0:1
2024-06-19 23:00:39,053 [http-nio-8080-exec-2] INFO  c.l.c.l.AccessLogInterceptor - From Interceptor Request IN URL: /in/test - Method: GET -IP:0:0:0:0:0:0:0:1
2024-06-19 23:00:39,095 [http-nio-8080-exec-2] INFO  c.l.c.logconfig.LogAspectConfig -  From AOP Request In URL: http://localhost:8080/in/test - Method: GET -IP:0:0:0:0:0:0:0:1
2024-06-19 23:00:39,109 [http-nio-8080-exec-2] INFO  c.l.c.logconfig.LogAspectConfig -  From AOP Request Out URL: http://localhost:8080/in/test - Method: GET -IP:0:0:0:0:0:0:0:1
2024-06-19 23:00:39,118 [http-nio-8080-exec-2] INFO  c.l.c.l.AccessLogInterceptor - From Interceptor Request OUT URL: /in/test - Method: GET -IP:0:0:0:0:0:0:0:1
2024-06-19 23:00:39,147 [http-nio-8080-exec-2] INFO  c.l.c.l.AccessLogInterceptor - From Interceptor Request IN URL: /error - Method: GET -IP:0:0:0:0:0:0:0:1
2024-06-19 23:00:39,333 [http-nio-8080-exec-2] INFO  c.l.c.l.AccessLogInterceptor - From Interceptor Request OUT URL: /error - Method: GET -IP:0:0:0:0:0:0:0:1
2024-06-19 23:02:29,932 [http-nio-8080-exec-1] INFO  c.l.c.l.AccessLogInterceptor - From Interceptor Request IN URL: /in/test - Method: GET -IP:0:0:0:0:0:0:0:1
2024-06-19 23:02:29,986 [http-nio-8080-exec-1] INFO  c.l.c.logconfig.LogAspectConfig -  From AOP Request In URL: http://localhost:8080/in/test - Method: GET -IP:0:0:0:0:0:0:0:1
2024-06-19 23:02:30,001 [http-nio-8080-exec-1] INFO  c.l.c.logconfig.LogAspectConfig -  From AOP Request Out URL: http://localhost:8080/in/test - Method: GET -IP:0:0:0:0:0:0:0:1
2024-06-19 23:02:30,012 [http-nio-8080-exec-1] INFO  c.l.c.l.AccessLogInterceptor - From Interceptor Request OUT URL: /in/test - Method: GET -IP:0:0:0:0:0:0:0:1
2024-06-19 23:02:30,039 [http-nio-8080-exec-1] INFO  c.l.c.l.AccessLogInterceptor - From Interceptor Request IN URL: /error - Method: GET -IP:0:0:0:0:0:0:0:1
2024-06-19 23:02:30,303 [http-nio-8080-exec-1] INFO  c.l.c.l.AccessLogInterceptor - From Interceptor Request OUT URL: /error - Method: GET -IP:0:0:0:0:0:0:0:1
2024-06-19 23:03:28,627 [http-nio-8080-exec-1] INFO  c.l.c.l.AccessLogInterceptor - From Interceptor Request IN URL: /in/test - Method: GET -IP:0:0:0:0:0:0:0:1
2024-06-19 23:03:28,682 [http-nio-8080-exec-1] INFO  c.l.c.logconfig.LogAspectConfig -  From AOP Request In URL: http://localhost:8080/in/test - Method: GET -IP:0:0:0:0:0:0:0:1
2024-06-19 23:03:28,695 [http-nio-8080-exec-1] INFO  c.l.c.logconfig.LogAspectConfig -  From AOP Request Out URL: http://localhost:8080/in/test - Method: GET -IP:0:0:0:0:0:0:0:1
2024-06-19 23:03:28,706 [http-nio-8080-exec-1] INFO  c.l.c.l.AccessLogInterceptor - From Interceptor Request OUT URL: /in/test - Method: GET -IP:0:0:0:0:0:0:0:1
2024-06-19 23:03:28,745 [http-nio-8080-exec-1] INFO  c.l.c.l.AccessLogInterceptor - From Interceptor Request IN URL: /error - Method: GET -IP:0:0:0:0:0:0:0:1
2024-06-19 23:03:29,060 [http-nio-8080-exec-1] INFO  c.l.c.l.AccessLogInterceptor - From Interceptor Request OUT URL: /error - Method: GET -IP:0:0:0:0:0:0:0:1
2024-06-19 23:04:41,035 [http-nio-8080-exec-2] INFO  c.l.c.l.AccessLogInterceptor - From Interceptor Request IN URL: /in/test - Method: GET -IP:0:0:0:0:0:0:0:1
2024-06-19 23:04:41,067 [http-nio-8080-exec-2] INFO  c.l.c.logconfig.LogAspectConfig -  From AOP Request In URL: http://localhost:8080/in/test - Method: GET -IP:0:0:0:0:0:0:0:1
2024-06-19 23:04:41,090 [http-nio-8080-exec-2] INFO  c.l.c.logconfig.LogAspectConfig -  From AOP Request Out URL: http://localhost:8080/in/test - Method: GET -IP:0:0:0:0:0:0:0:1
2024-06-19 23:04:41,101 [http-nio-8080-exec-2] INFO  c.l.c.l.AccessLogInterceptor - From Interceptor Request OUT URL: /in/test - Method: GET -IP:0:0:0:0:0:0:0:1
2024-06-19 23:04:41,134 [http-nio-8080-exec-2] INFO  c.l.c.l.AccessLogInterceptor - From Interceptor Request IN URL: /error - Method: GET -IP:0:0:0:0:0:0:0:1
2024-06-19 23:04:41,363 [http-nio-8080-exec-2] INFO  c.l.c.l.AccessLogInterceptor - From Interceptor Request OUT URL: /error - Method: GET -IP:0:0:0:0:0:0:0:1
2024-06-19 23:05:03,870 [http-nio-8080-exec-1] INFO  c.l.c.l.AccessLogInterceptor - From Interceptor Request IN URL: /in/test - Method: GET -IP:0:0:0:0:0:0:0:1
2024-06-19 23:05:03,953 [http-nio-8080-exec-1] INFO  c.l.c.logconfig.LogAspectConfig -  From AOP Request In URL: http://localhost:8080/in/test - Method: GET -IP:0:0:0:0:0:0:0:1
2024-06-19 23:05:03,986 [http-nio-8080-exec-1] INFO  c.l.c.logconfig.LogAspectConfig -  From AOP Request Out URL: http://localhost:8080/in/test - Method: GET -IP:0:0:0:0:0:0:0:1
2024-06-19 23:05:04,004 [http-nio-8080-exec-1] INFO  c.l.c.l.AccessLogInterceptor - From Interceptor Request OUT URL: /in/test - Method: GET -IP:0:0:0:0:0:0:0:1
2024-06-19 23:05:04,058 [http-nio-8080-exec-1] INFO  c.l.c.l.AccessLogInterceptor - From Interceptor Request IN URL: /error - Method: GET -IP:0:0:0:0:0:0:0:1
2024-06-19 23:05:04,416 [http-nio-8080-exec-1] INFO  c.l.c.l.AccessLogInterceptor - From Interceptor Request OUT URL: /error - Method: GET -IP:0:0:0:0:0:0:0:1
2024-06-19 23:06:01,949 [http-nio-8080-exec-1] INFO  c.l.c.l.AccessLogInterceptor - From Interceptor Request IN URL: /in/test - Method: GET -IP:0:0:0:0:0:0:0:1
2024-06-19 23:06:01,984 [http-nio-8080-exec-1] INFO  c.l.c.logconfig.LogAspectConfig -  From AOP Request In URL: http://localhost:8080/in/test - Method: GET -IP:0:0:0:0:0:0:0:1
2024-06-19 23:06:01,999 [http-nio-8080-exec-1] INFO  c.l.c.logconfig.LogAspectConfig -  From AOP Request Out URL: http://localhost:8080/in/test - Method: GET -IP:0:0:0:0:0:0:0:1
2024-06-19 23:06:02,011 [http-nio-8080-exec-1] INFO  c.l.c.l.AccessLogInterceptor - From Interceptor Request OUT URL: /in/test - Method: GET -IP:0:0:0:0:0:0:0:1
2024-06-19 23:06:02,047 [http-nio-8080-exec-1] INFO  c.l.c.l.AccessLogInterceptor - From Interceptor Request IN URL: /error - Method: GET -IP:0:0:0:0:0:0:0:1
2024-06-19 23:06:02,260 [http-nio-8080-exec-1] INFO  c.l.c.l.AccessLogInterceptor - From Interceptor Request OUT URL: /error - Method: GET -IP:0:0:0:0:0:0:0:1
